d:\4_sz\qtzhiban\qtzhiban\x64\release\textmaterialwidget.obj
d:\4_sz\qtzhiban\qtzhiban\x64\release\settingservice.obj
d:\4_sz\qtzhiban\qtzhiban\x64\release\login.obj
d:\4_sz\qtzhiban\qtzhiban\x64\release\colorcombobox.obj
d:\4_sz\qtzhiban\qtzhiban\x64\release\utils.obj
d:\4_sz\qtzhiban\qtzhiban\x64\release\imagebrowsewidget.obj
d:\4_sz\qtzhiban\qtzhiban\x64\release\framelessdialog.obj
d:\4_sz\qtzhiban\qtzhiban\x64\release\messagetipservice.obj
d:\4_sz\qtzhiban\qtzhiban\x64\release\treeitem.obj
d:\4_sz\qtzhiban\qtzhiban\x64\release\framelesswidget.obj
d:\4_sz\qtzhiban\qtzhiban\x64\release\xmlplanparse.obj
d:\4_sz\qtzhiban\qtzhiban\x64\release\memorydata.obj
d:\4_sz\qtzhiban\qtzhiban\x64\release\checkboxheaderview.obj
d:\4_sz\qtzhiban\qtzhiban\x64\release\memorydataservice.obj
d:\4_sz\qtzhiban\qtzhiban\x64\release\contententity.obj
d:\4_sz\qtzhiban\qtzhiban\x64\release\customlineedit.obj
d:\4_sz\qtzhiban\qtzhiban\x64\release\blockuserdata.obj
d:\4_sz\qtzhiban\qtzhiban\x64\release\modalessdialog.obj
d:\4_sz\qtzhiban\qtzhiban\x64\release\idgeneratehelper.obj
d:\4_sz\qtzhiban\qtzhiban\x64\release\modaldialog.obj
d:\4_sz\qtzhiban\qtzhiban\x64\release\plantemplate.obj
d:\4_sz\qtzhiban\qtzhiban\x64\release\mycolordialog.obj
d:\4_sz\qtzhiban\qtzhiban\x64\release\messagedialog.obj
d:\4_sz\qtzhiban\qtzhiban\x64\release\global.obj
d:\4_sz\qtzhiban\qtzhiban\x64\release\tippanel.obj
d:\4_sz\qtzhiban\qtzhiban\x64\release\connectionpool.obj
d:\4_sz\qtzhiban\qtzhiban\x64\release\vc145.pdb
d:\4_sz\qtzhiban\qtzhiban\x64\release\qt\moc\moc_qtzhiban.cpp
d:\4_sz\qtzhiban\qtzhiban\x64\release\qt\moc\moc_imagebrowsewidget.cpp
d:\4_sz\qtzhiban\qtzhiban\x64\release\qt\moc\moc_textmaterialwidget.cpp
d:\4_sz\qtzhiban\qtzhiban\x64\release\qt\moc\moc_login.cpp
d:\4_sz\qtzhiban\qtzhiban\x64\release\qt\moc\moc_treemodel.cpp
d:\4_sz\qtzhiban\qtzhiban\x64\release\qt\moc\moc_mytitlebar.cpp
d:\4_sz\qtzhiban\qtzhiban\x64\release\qt\moc\moc_colorcombobox.cpp
d:\4_sz\qtzhiban\qtzhiban\x64\release\qt\moc\moc_mycolordialog.cpp
d:\4_sz\qtzhiban\qtzhiban\x64\release\qt\moc\moc_messagedialog.cpp
d:\4_sz\qtzhiban\qtzhiban\x64\release\qt\moc\moc_messagepanel.cpp
d:\4_sz\qtzhiban\qtzhiban\x64\release\qt\moc\moc_messagetipservice.cpp
d:\4_sz\qtzhiban\qtzhiban\x64\release\qt\moc\moc_tippanel.cpp
d:\4_sz\qtzhiban\qtzhiban\x64\release\qt\moc\moc_plantemplate.cpp
d:\4_sz\qtzhiban\qtzhiban\x64\release\qt\moc\moc_xmlplanparse.cpp
d:\4_sz\qtzhiban\qtzhiban\x64\release\qt\moc\moc_modalessdialog.cpp
d:\4_sz\qtzhiban\qtzhiban\x64\release\qt\moc\moc_modaldialog.cpp
d:\4_sz\qtzhiban\qtzhiban\x64\release\qt\moc\moc_framelesswidget.cpp
d:\4_sz\qtzhiban\qtzhiban\x64\release\qt\moc\moc_framelessdialog.cpp
d:\4_sz\qtzhiban\qtzhiban\x64\release\qt\moc\moc_customlineedit.cpp
d:\4_sz\qtzhiban\qtzhiban\x64\release\qt\moc\moc_checkboxheaderview.cpp
d:\4_sz\qtzhiban\qtzhiban\x64\release\qt\moc\moc_qtclog.cpp
d:\4_sz\qtzhiban\qtzhiban\x64\release\qt\moc\moc_memorydataservice.cpp
d:\4_sz\qtzhiban\qtzhiban\x64\release\qt\moc\moc_settingservice.cpp
d:\4_sz\qtzhiban\qtzhiban\x64\release\qt\uic\ui_login.h
d:\4_sz\qtzhiban\qtzhiban\x64\release\qt\uic\ui_imagebrowsewidget.h
d:\4_sz\qtzhiban\qtzhiban\x64\release\qt\uic\ui_textmaterialwidget.h
d:\4_sz\qtzhiban\qtzhiban\x64\release\qt\uic\ui_qtzhiban.h
d:\4_sz\qtzhiban\qtzhiban\x64\release\qt\uic\ui_messagedialog.h
d:\4_sz\qtzhiban\qtzhiban\x64\release\qt\uic\ui_messagepanel.h
d:\4_sz\qtzhiban\qtzhiban\x64\release\qt\uic\ui_tippanel.h
d:\4_sz\qtzhiban\qtzhiban\x64\release\qt\rcc\qrc_qtzhiban.cpp
d:\4_sz\qtzhiban\qtzhiban\x64\release\qt\rcc\qrc_images.cpp
d:\4_sz\qtzhiban\qtzhiban\x64\release\qt\rcc\qrc_qm.cpp
d:\4_sz\qtzhiban\qtzhiban\x64\release\qt\rcc\qrc_qss.cpp
d:\4_sz\qtzhiban\qtzhiban\x64\release\messagepanel.obj
d:\4_sz\qtzhiban\qtzhiban\x64\release\mytitlebar.obj
d:\4_sz\qtzhiban\qtzhiban\x64\release\qtzhiban.tlog\cl.10192.write.1.tlog
d:\4_sz\qtzhiban\qtzhiban\x64\release\qtzhiban.tlog\cl.command.1.tlog
d:\4_sz\qtzhiban\qtzhiban\x64\release\qtzhiban.tlog\cl.read.1.tlog
d:\4_sz\qtzhiban\qtzhiban\x64\release\qtzhiban.tlog\moc.read.1u.tlog
d:\4_sz\qtzhiban\qtzhiban\x64\release\qtzhiban.tlog\moc.write.1u.tlog
d:\4_sz\qtzhiban\qtzhiban\x64\release\qtzhiban.tlog\qtzhiban.write.1u.tlog
d:\4_sz\qtzhiban\qtzhiban\x64\release\qtzhiban.tlog\rcc.read.1u.tlog
d:\4_sz\qtzhiban\qtzhiban\x64\release\qtzhiban.tlog\rcc.write.1u.tlog
d:\4_sz\qtzhiban\qtzhiban\x64\release\qtzhiban.tlog\uic.read.1u.tlog
d:\4_sz\qtzhiban\qtzhiban\x64\release\qtzhiban.tlog\uic.write.1u.tlog
